<?xml version="1.0" encoding="UTF-8"?>
<testsuite name="SubmissionTest1" tests="7" skipped="1" failures="1" errors="0" timestamp="2019-09-28T23:34:00" hostname="ssp-2.local" time="2.903">
  <properties/>
  <testcase name="TestBakery_BoundedTimeLocking()" classname="SubmissionTest1" time="0.738"/>
  <testcase name="TestBakery_NoMoreThan1()" classname="SubmissionTest1" time="1.109"/>
  <testcase name="TestBinaryTreePeterson_BoundedTimeLocking()" classname="SubmissionTest1" time="0.004"/>
  <testcase name="TestLBakery_Atleast1()" classname="SubmissionTest1" time="0.002"/>
  <testcase name="TestLBakery_AtleastL()" classname="SubmissionTest1" time="0.002"/>
  <testcase name="TestLBakery_NoMoreThanL()" classname="SubmissionTest1" time="1.01">
    <failure message="org.opentest4j.AssertionFailedError: expected: &lt;true&gt; but was: &lt;false&gt;" type="org.opentest4j.AssertionFailedError">org.opentest4j.AssertionFailedError: expected: &lt;true&gt; but was: &lt;false&gt;
	at org.junit.jupiter.api.AssertionUtils.fail(AssertionUtils.java:55)
	at org.junit.jupiter.api.AssertTrue.assertTrue(AssertTrue.java:40)
	at org.junit.jupiter.api.AssertTrue.assertTrue(AssertTrue.java:35)
	at org.junit.jupiter.api.Assertions.assertTrue(Assertions.java:162)
	at SubmissionTest1.TestLBakery_NoMoreThanL(SubmissionTest1.java:86)
	at sun.reflect.NativeMethodAccessorImpl.invoke0(Native Method)
	at sun.reflect.NativeMethodAccessorImpl.invoke(NativeMethodAccessorImpl.java:62)
	at sun.reflect.DelegatingMethodAccessorImpl.invoke(DelegatingMethodAccessorImpl.java:43)
	at java.lang.reflect.Method.invoke(Method.java:498)
	at org.junit.platform.commons.util.ReflectionUtils.invokeMethod(ReflectionUtils.java:675)
	at org.junit.jupiter.engine.execution.MethodInvocation.proceed(MethodInvocation.java:60)
	at org.junit.jupiter.engine.execution.InvocationInterceptorChain$ValidatingInvocation.proceed(InvocationInterceptorChain.java:125)
	at SubmissionTest1$TestInterceptor.lambda$interceptTestMethod$0(SubmissionTest1.java:230)
	at java.lang.Thread.run(Thread.java:748)
</failure>
  </testcase>
  <testcase name="TestFilter_NoMoreThan1()" classname="SubmissionTest1" time="0.034">
    <skipped/>
  </testcase>
  <system-out><![CDATA[]]></system-out>
  <system-err><![CDATA[]]></system-err>
</testsuite>
