<?xml version="1.0" encoding="UTF-8"?>
<testsuite name="SubmissionTest1" tests="8" skipped="0" failures="0" errors="0" timestamp="2019-09-29T20:11:06" hostname="ssp-2.local" time="5.468">
  <properties/>
  <testcase name="TestBakery_BoundedTimeLocking()" classname="SubmissionTest1" time="0.717"/>
  <testcase name="TestBakery_NoMoreThan1()" classname="SubmissionTest1" time="1.104"/>
  <testcase name="TestBinaryTreePeterson_BoundedTimeLocking()" classname="SubmissionTest1" time="0.411"/>
  <testcase name="TestLBakery_Atleast1()" classname="SubmissionTest1" time="0.004"/>
  <testcase name="TestLBakery_AtleastL()" classname="SubmissionTest1" time="0.002"/>
  <testcase name="TestLBakery_NoMoreThanL()" classname="SubmissionTest1" time="1.006"/>
  <testcase name="TestFilter_NoMoreThan1()" classname="SubmissionTest1" time="1.11"/>
  <testcase name="TestBinaryTreePeterson_NoMoreThan1()" classname="SubmissionTest1" time="1.111"/>
  <system-out><![CDATA[]]></system-out>
  <system-err><![CDATA[]]></system-err>
</testsuite>
